Using pre-set license
Built from '2020.3/staging' branch; Version is '2020.3.4f1 (0abb6314276a) revision 703331'; Using compiler version '192528614'; Build Type 'Release'
OS: 'Windows 10 Home; OS build 22000.51; Version 2009; 64bit' Language: 'en' Physical Memory: 7985 MB
BatchMode: 1, IsHumanControllingUs: 0, StartBugReporterOnCrash: 0, Is64bit: 1, IsPro: 0

 COMMAND LINE ARGUMENTS:
C:\Program Files\Unity\Hub\Editor\2020.3.4f1\Editor\Unity.exe
-adb2
-batchMode
-noUpm
-name
AssetImportWorker0
-projectPath
C:/Users/DellPc/Snake the Crusher
-logFile
Logs/AssetImportWorker0.log
-srvPort
59182
Successfully changed project path to: C:/Users/DellPc/Snake the Crusher
C:/Users/DellPc/Snake the Crusher
Using Asset Import Pipeline V2.
Refreshing native plugins compatible for Editor in 43.56 ms, found 0 plugins.
Preloading 0 native plugins for Editor in 0.00 ms.
Initialize engine version: 2020.3.4f1 (0abb6314276a)
[Subsystems] Discovering subsystems at path C:/Program Files/Unity/Hub/Editor/2020.3.4f1/Editor/Data/Resources/UnitySubsystems
[Subsystems] Discovering subsystems at path C:/Users/DellPc/Snake the Crusher/Assets
GfxDevice: creating device client; threaded=0
Direct3D:
    Version:  Direct3D 11.0 [level 11.1]
    Renderer: NVIDIA GeForce GTX 1650 Ti (ID=0x1f95)
    Vendor:   
    VRAM:     3962 MB
    Driver:   27.21.14.6231
Initialize mono
Mono path[0] = 'C:/Program Files/Unity/Hub/Editor/2020.3.4f1/Editor/Data/Managed'
Mono path[1] = 'C:/Program Files/Unity/Hub/Editor/2020.3.4f1/Editor/Data/MonoBleedingEdge/lib/mono/unityjit'
Mono config path = 'C:/Program Files/Unity/Hub/Editor/2020.3.4f1/Editor/Data/MonoBleedingEdge/etc'
Using monoOptions --debugger-agent=transport=dt_socket,embedding=1,server=y,suspend=n,address=127.0.0.1:56332
Begin MonoManager ReloadAssembly
Registering precompiled unity dll's ...
Register platform support module: C:/Program Files/Unity/Hub/Editor/2020.3.4f1/Editor/Data/PlaybackEngines/WindowsStandaloneSupport/UnityEditor.WindowsStandalone.Extensions.dll
Registered in 0.003536 seconds.
Native extension for WindowsStandalone target not found
Refreshing native plugins compatible for Editor in 59.98 ms, found 0 plugins.
Preloading 0 native plugins for Editor in 0.00 ms.
Mono: successfully reloaded assembly
- Completed reload, in  3.665 seconds
Platform modules already initialized, skipping
Registering precompiled user dll's ...
Registered in 0.001196 seconds.
Begin MonoManager ReloadAssembly
Native extension for WindowsStandalone target not found
Refreshing native plugins compatible for Editor in 0.43 ms, found 0 plugins.
Preloading 0 native plugins for Editor in 0.00 ms.
Mono: successfully reloaded assembly
- Completed reload, in  1.297 seconds
Platform modules already initialized, skipping
========================================================================
Worker process is ready to serve import requests
Launched and connected shader compiler UnityShaderCompiler.exe after 0.06 seconds
Refreshing native plugins compatible for Editor in 0.45 ms, found 0 plugins.
Preloading 0 native plugins for Editor in 0.00 ms.
Unloading 1288 Unused Serialized files (Serialized files now loaded: 0)
System memory in use before: 74.7 MB.
System memory in use after: 74.8 MB.

Unloading 31 unused Assets to reduce memory usage. Loaded Objects now: 1729.
Total: 1.903100 ms (FindLiveObjects: 0.245500 ms CreateObjectMapping: 0.094300 ms MarkObjects: 1.531100 ms  DeleteObjects: 0.030600 ms)

========================================================================
Received Import Request.
  path: Assets/Script/Follower.cs
  artifactKey: Guid(c9ac9c32a00365b4186c491f8d22f21c) Importer(815301076,1909f56bfc062723c751e8b465ee728b)
Start importing Assets/Script/Follower.cs using Guid(c9ac9c32a00365b4186c491f8d22f21c) Importer(815301076,1909f56bfc062723c751e8b465ee728b)  -> (artifact id: '99f4fa8405dc1e8c124fe8b51c5555e6') in 0.036028 seconds
  Import took 0.039752 seconds .

========================================================================
Received Import Request.
  Time since last request: 314.991449 seconds.
  path: Assets/PathCreator/Examples/Materials/Road.mat
  artifactKey: Guid(b5df4735192845740bd11076dc9cdc99) Importer(815301076,1909f56bfc062723c751e8b465ee728b)
Start importing Assets/PathCreator/Examples/Materials/Road.mat using Guid(b5df4735192845740bd11076dc9cdc99) Importer(815301076,1909f56bfc062723c751e8b465ee728b)  -> (artifact id: '1cf809f8b12d041311f04adf642e1939') in 0.174427 seconds
  Import took 0.191302 seconds .

========================================================================
Received Import Request.
  Time since last request: 0.001511 seconds.
  path: Assets/PathCreator/Examples/Materials/Road.mat
  artifactKey: Guid(b5df4735192845740bd11076dc9cdc99) Importer(815301076,1909f56bfc062723c751e8b465ee728b)
Start importing Assets/PathCreator/Examples/Materials/Road.mat using Guid(b5df4735192845740bd11076dc9cdc99) Importer(815301076,1909f56bfc062723c751e8b465ee728b)  -> (artifact id: '1cf809f8b12d041311f04adf642e1939') in 0.028203 seconds
  Import took 0.031904 seconds .

========================================================================
Received Import Request.
  Time since last request: 781.311858 seconds.
  path: Assets/Script/Follower.cs
  artifactKey: Guid(c9ac9c32a00365b4186c491f8d22f21c) Importer(815301076,1909f56bfc062723c751e8b465ee728b)
Start importing Assets/Script/Follower.cs using Guid(c9ac9c32a00365b4186c491f8d22f21c) Importer(815301076,1909f56bfc062723c751e8b465ee728b)  -> (artifact id: '46dd1b25d781262444af09c9e74e22e9') in 0.015194 seconds
  Import took 0.115775 seconds .

========================================================================
Received Import Request.
  Time since last request: 64.683332 seconds.
  path: Assets/Script/Follower.cs
  artifactKey: Guid(c9ac9c32a00365b4186c491f8d22f21c) Importer(815301076,1909f56bfc062723c751e8b465ee728b)
Start importing Assets/Script/Follower.cs using Guid(c9ac9c32a00365b4186c491f8d22f21c) Importer(815301076,1909f56bfc062723c751e8b465ee728b)  -> (artifact id: 'f4842931fda9734698fff90da678041d') in 0.068289 seconds
  Import took 0.082346 seconds .

========================================================================
Received Prepare
Registering precompiled user dll's ...
Registered in 0.001377 seconds.
Begin MonoManager ReloadAssembly
Native extension for WindowsStandalone target not found
Refreshing native plugins compatible for Editor in 0.73 ms, found 0 plugins.
Preloading 0 native plugins for Editor in 0.00 ms.
Mono: successfully reloaded assembly
- Completed reload, in  1.030 seconds
Platform modules already initialized, skipping
Switching build target platform(5) subTarget(0) extendedPlatform(0) -> platform(13) subTarget(537395204) extendedPlatform(0)
Refreshing native plugins compatible for Editor in 0.40 ms, found 0 plugins.
Preloading 0 native plugins for Editor in 0.00 ms.
Unloading 1286 Unused Serialized files (Serialized files now loaded: 0)
System memory in use before: 77.5 MB.
System memory in use after: 77.6 MB.

Unloading 27 unused Assets to reduce memory usage. Loaded Objects now: 1772.
Total: 5.544000 ms (FindLiveObjects: 0.361200 ms CreateObjectMapping: 0.128300 ms MarkObjects: 5.028500 ms  DeleteObjects: 0.024600 ms)

AssetImportParameters requested are different than current active one (requested -> active):
  custom:graphics/normal-map-encoding: 01000000000000000000000000000000 -> 02000000000000000000000000000000
========================================================================
Received Import Request.
  Time since last request: 81.869858 seconds.
  path: Assets/Script/Follower.cs
  artifactKey: Guid(c9ac9c32a00365b4186c491f8d22f21c) Importer(815301076,1909f56bfc062723c751e8b465ee728b)
Start importing Assets/Script/Follower.cs using Guid(c9ac9c32a00365b4186c491f8d22f21c) Importer(815301076,1909f56bfc062723c751e8b465ee728b)  -> (artifact id: 'a234b79a9462079ee24e8275e081627f') in 0.004729 seconds
  Import took 0.007306 seconds .

========================================================================
Received Import Request.
  Time since last request: 1.395618 seconds.
  path: Assets/Script/Follower.cs
  artifactKey: Guid(c9ac9c32a00365b4186c491f8d22f21c) Importer(815301076,1909f56bfc062723c751e8b465ee728b)
Start importing Assets/Script/Follower.cs using Guid(c9ac9c32a00365b4186c491f8d22f21c) Importer(815301076,1909f56bfc062723c751e8b465ee728b)  -> (artifact id: 'a234b79a9462079ee24e8275e081627f') in 0.002592 seconds
  Import took 0.005628 seconds .

========================================================================
Received Prepare
Registering precompiled user dll's ...
Registered in 0.001074 seconds.
Begin MonoManager ReloadAssembly
Native extension for WindowsStandalone target not found
Refreshing native plugins compatible for Editor in 0.43 ms, found 0 plugins.
Preloading 0 native plugins for Editor in 0.00 ms.
Mono: successfully reloaded assembly
- Completed reload, in  0.741 seconds
Platform modules already initialized, skipping
Switching build target platform(5) subTarget(0) extendedPlatform(0) -> platform(13) subTarget(537395204) extendedPlatform(0)
Refreshing native plugins compatible for Editor in 0.40 ms, found 0 plugins.
Preloading 0 native plugins for Editor in 0.00 ms.
Unloading 1286 Unused Serialized files (Serialized files now loaded: 0)
System memory in use before: 77.5 MB.
System memory in use after: 77.6 MB.

Unloading 27 unused Assets to reduce memory usage. Loaded Objects now: 1775.
Total: 1.911500 ms (FindLiveObjects: 0.286200 ms CreateObjectMapping: 0.112900 ms MarkObjects: 1.488900 ms  DeleteObjects: 0.022200 ms)

AssetImportParameters requested are different than current active one (requested -> active):
  custom:graphics/normal-map-encoding: 01000000000000000000000000000000 -> 02000000000000000000000000000000
========================================================================
Received Prepare
Registering precompiled user dll's ...
Registered in 0.001375 seconds.
Begin MonoManager ReloadAssembly
Native extension for WindowsStandalone target not found
Refreshing native plugins compatible for Editor in 0.49 ms, found 0 plugins.
Preloading 0 native plugins for Editor in 0.00 ms.
Mono: successfully reloaded assembly
- Completed reload, in  0.944 seconds
Platform modules already initialized, skipping
Switching build target platform(5) subTarget(0) extendedPlatform(0) -> platform(13) subTarget(537395204) extendedPlatform(0)
Refreshing native plugins compatible for Editor in 0.43 ms, found 0 plugins.
Preloading 0 native plugins for Editor in 0.00 ms.
Unloading 1286 Unused Serialized files (Serialized files now loaded: 0)
System memory in use before: 77.6 MB.
System memory in use after: 77.7 MB.

Unloading 27 unused Assets to reduce memory usage. Loaded Objects now: 1778.
Total: 2.038100 ms (FindLiveObjects: 0.280300 ms CreateObjectMapping: 0.091100 ms MarkObjects: 1.640600 ms  DeleteObjects: 0.024200 ms)

AssetImportParameters requested are different than current active one (requested -> active):
  custom:graphics/normal-map-encoding: 01000000000000000000000000000000 -> 02000000000000000000000000000000
========================================================================
Received Prepare
Registering precompiled user dll's ...
Registered in 0.000976 seconds.
Begin MonoManager ReloadAssembly
Native extension for WindowsStandalone target not found
Refreshing native plugins compatible for Editor in 0.42 ms, found 0 plugins.
Preloading 0 native plugins for Editor in 0.00 ms.
Mono: successfully reloaded assembly
- Completed reload, in  0.799 seconds
Platform modules already initialized, skipping
Switching build target platform(5) subTarget(0) extendedPlatform(0) -> platform(13) subTarget(537395204) extendedPlatform(0)
Refreshing native plugins compatible for Editor in 0.40 ms, found 0 plugins.
Preloading 0 native plugins for Editor in 0.00 ms.
Unloading 1286 Unused Serialized files (Serialized files now loaded: 0)
System memory in use before: 77.6 MB.
System memory in use after: 77.7 MB.

Unloading 27 unused Assets to reduce memory usage. Loaded Objects now: 1781.
Total: 1.575500 ms (FindLiveObjects: 0.217800 ms CreateObjectMapping: 0.052100 ms MarkObjects: 1.287800 ms  DeleteObjects: 0.016500 ms)

AssetImportParameters requested are different than current active one (requested -> active):
  custom:graphics/normal-map-encoding: 01000000000000000000000000000000 -> 02000000000000000000000000000000
========================================================================
Received Import Request.
  Time since last request: 100.509413 seconds.
  path: Assets/Script/Follower.cs
  artifactKey: Guid(c9ac9c32a00365b4186c491f8d22f21c) Importer(815301076,1909f56bfc062723c751e8b465ee728b)
Start importing Assets/Script/Follower.cs using Guid(c9ac9c32a00365b4186c491f8d22f21c) Importer(815301076,1909f56bfc062723c751e8b465ee728b)  -> (artifact id: 'f1516548039add579476c9a2a07e7adb') in 0.004278 seconds
  Import took 0.007475 seconds .

========================================================================
Received Import Request.
  Time since last request: 1.392231 seconds.
  path: Assets/Script/Follower.cs
  artifactKey: Guid(c9ac9c32a00365b4186c491f8d22f21c) Importer(815301076,1909f56bfc062723c751e8b465ee728b)
Start importing Assets/Script/Follower.cs using Guid(c9ac9c32a00365b4186c491f8d22f21c) Importer(815301076,1909f56bfc062723c751e8b465ee728b)  -> (artifact id: 'f1516548039add579476c9a2a07e7adb') in 0.002999 seconds
  Import took 0.005309 seconds .

========================================================================
Received Prepare
Registering precompiled user dll's ...
Registered in 0.001574 seconds.
Begin MonoManager ReloadAssembly
Native extension for WindowsStandalone target not found
Refreshing native plugins compatible for Editor in 0.44 ms, found 0 plugins.
Preloading 0 native plugins for Editor in 0.00 ms.
Mono: successfully reloaded assembly
- Completed reload, in  0.782 seconds
Platform modules already initialized, skipping
Switching build target platform(5) subTarget(0) extendedPlatform(0) -> platform(13) subTarget(537395204) extendedPlatform(0)
Refreshing native plugins compatible for Editor in 0.50 ms, found 0 plugins.
Preloading 0 native plugins for Editor in 0.00 ms.
Unloading 1286 Unused Serialized files (Serialized files now loaded: 0)
System memory in use before: 77.6 MB.
System memory in use after: 77.7 MB.

Unloading 27 unused Assets to reduce memory usage. Loaded Objects now: 1784.
Total: 1.815500 ms (FindLiveObjects: 0.163200 ms CreateObjectMapping: 0.047900 ms MarkObjects: 1.584300 ms  DeleteObjects: 0.019200 ms)

AssetImportParameters requested are different than current active one (requested -> active):
  custom:graphics/normal-map-encoding: 01000000000000000000000000000000 -> 02000000000000000000000000000000
========================================================================
Received Import Request.
  Time since last request: 67.324079 seconds.
  path: Assets/Script/Follower.cs
  artifactKey: Guid(c9ac9c32a00365b4186c491f8d22f21c) Importer(815301076,1909f56bfc062723c751e8b465ee728b)
Start importing Assets/Script/Follower.cs using Guid(c9ac9c32a00365b4186c491f8d22f21c) Importer(815301076,1909f56bfc062723c751e8b465ee728b)  -> (artifact id: 'ad30ac3cdce8b4916e8309d077246961') in 0.005520 seconds
  Import took 0.008443 seconds .

========================================================================
Received Import Request.
  Time since last request: 30.880649 seconds.
  path: Assets/Script/Follower.cs
  artifactKey: Guid(c9ac9c32a00365b4186c491f8d22f21c) Importer(815301076,1909f56bfc062723c751e8b465ee728b)
Start importing Assets/Script/Follower.cs using Guid(c9ac9c32a00365b4186c491f8d22f21c) Importer(815301076,1909f56bfc062723c751e8b465ee728b)  -> (artifact id: 'f1e6384548e0f8ba08942c8f15487478') in 0.006337 seconds
  Import took 0.011153 seconds .

========================================================================
Received Prepare
Registering precompiled user dll's ...
Registered in 0.001004 seconds.
Begin MonoManager ReloadAssembly
Native extension for WindowsStandalone target not found
Refreshing native plugins compatible for Editor in 0.40 ms, found 0 plugins.
Preloading 0 native plugins for Editor in 0.00 ms.
Mono: successfully reloaded assembly
- Completed reload, in  0.772 seconds
Platform modules already initialized, skipping
Switching build target platform(5) subTarget(0) extendedPlatform(0) -> platform(13) subTarget(537395204) extendedPlatform(0)
Refreshing native plugins compatible for Editor in 0.40 ms, found 0 plugins.
Preloading 0 native plugins for Editor in 0.00 ms.
Unloading 1286 Unused Serialized files (Serialized files now loaded: 0)
System memory in use before: 77.6 MB.
System memory in use after: 77.7 MB.

Unloading 27 unused Assets to reduce memory usage. Loaded Objects now: 1787.
Total: 1.651100 ms (FindLiveObjects: 0.205600 ms CreateObjectMapping: 0.073200 ms MarkObjects: 1.349400 ms  DeleteObjects: 0.021400 ms)

AssetImportParameters requested are different than current active one (requested -> active):
  custom:graphics/normal-map-encoding: 01000000000000000000000000000000 -> 02000000000000000000000000000000
========================================================================
Received Import Request.
  Time since last request: 21.628453 seconds.
  path: Assets/Script/Follower.cs
  artifactKey: Guid(c9ac9c32a00365b4186c491f8d22f21c) Importer(815301076,1909f56bfc062723c751e8b465ee728b)
Start importing Assets/Script/Follower.cs using Guid(c9ac9c32a00365b4186c491f8d22f21c) Importer(815301076,1909f56bfc062723c751e8b465ee728b)  -> (artifact id: '3d108b453230098b494e9450009b80d5') in 0.011088 seconds
  Import took 0.016712 seconds .

========================================================================
Received Import Request.
  Time since last request: 1.965285 seconds.
  path: Assets/Script/Follower.cs
  artifactKey: Guid(c9ac9c32a00365b4186c491f8d22f21c) Importer(815301076,1909f56bfc062723c751e8b465ee728b)
Start importing Assets/Script/Follower.cs using Guid(c9ac9c32a00365b4186c491f8d22f21c) Importer(815301076,1909f56bfc062723c751e8b465ee728b)  -> (artifact id: '3d108b453230098b494e9450009b80d5') in 0.002319 seconds
  Import took 0.004234 seconds .

========================================================================
Received Prepare
Registering precompiled user dll's ...
Registered in 0.001357 seconds.
Begin MonoManager ReloadAssembly
Native extension for WindowsStandalone target not found
Refreshing native plugins compatible for Editor in 0.41 ms, found 0 plugins.
Preloading 0 native plugins for Editor in 0.00 ms.
Mono: successfully reloaded assembly
- Completed reload, in  0.816 seconds
Platform modules already initialized, skipping
Switching build target platform(5) subTarget(0) extendedPlatform(0) -> platform(13) subTarget(537395204) extendedPlatform(0)
Refreshing native plugins compatible for Editor in 0.40 ms, found 0 plugins.
Preloading 0 native plugins for Editor in 0.00 ms.
Unloading 1286 Unused Serialized files (Serialized files now loaded: 0)
System memory in use before: 77.6 MB.
System memory in use after: 77.7 MB.

Unloading 27 unused Assets to reduce memory usage. Loaded Objects now: 1790.
Total: 1.550900 ms (FindLiveObjects: 0.151800 ms CreateObjectMapping: 0.043600 ms MarkObjects: 1.334900 ms  DeleteObjects: 0.019300 ms)

AssetImportParameters requested are different than current active one (requested -> active):
  custom:graphics/normal-map-encoding: 01000000000000000000000000000000 -> 02000000000000000000000000000000
========================================================================
Received Prepare
Registering precompiled user dll's ...
Registered in 0.001357 seconds.
Begin MonoManager ReloadAssembly
Native extension for WindowsStandalone target not found
Refreshing native plugins compatible for Editor in 0.42 ms, found 0 plugins.
Preloading 0 native plugins for Editor in 0.00 ms.
Mono: successfully reloaded assembly
- Completed reload, in  0.761 seconds
Platform modules already initialized, skipping
Switching build target platform(5) subTarget(0) extendedPlatform(0) -> platform(13) subTarget(537395204) extendedPlatform(0)
Refreshing native plugins compatible for Editor in 0.46 ms, found 0 plugins.
Preloading 0 native plugins for Editor in 0.00 ms.
Unloading 1286 Unused Serialized files (Serialized files now loaded: 0)
System memory in use before: 77.6 MB.
System memory in use after: 77.7 MB.

Unloading 27 unused Assets to reduce memory usage. Loaded Objects now: 1793.
Total: 2.279900 ms (FindLiveObjects: 0.314400 ms CreateObjectMapping: 0.127200 ms MarkObjects: 1.809300 ms  DeleteObjects: 0.027700 ms)

AssetImportParameters requested are different than current active one (requested -> active):
  custom:graphics/normal-map-encoding: 01000000000000000000000000000000 -> 02000000000000000000000000000000
========================================================================
Received Prepare
Registering precompiled user dll's ...
Registered in 0.001688 seconds.
Begin MonoManager ReloadAssembly
Native extension for WindowsStandalone target not found
Refreshing native plugins compatible for Editor in 0.41 ms, found 0 plugins.
Preloading 0 native plugins for Editor in 0.00 ms.
Mono: successfully reloaded assembly
- Completed reload, in  0.810 seconds
Platform modules already initialized, skipping
Switching build target platform(5) subTarget(0) extendedPlatform(0) -> platform(13) subTarget(537395204) extendedPlatform(0)
Refreshing native plugins compatible for Editor in 0.42 ms, found 0 plugins.
Preloading 0 native plugins for Editor in 0.00 ms.
Unloading 1286 Unused Serialized files (Serialized files now loaded: 0)
System memory in use before: 77.6 MB.
System memory in use after: 77.7 MB.

Unloading 27 unused Assets to reduce memory usage. Loaded Objects now: 1796.
Total: 1.961300 ms (FindLiveObjects: 0.184700 ms CreateObjectMapping: 0.052100 ms MarkObjects: 1.698800 ms  DeleteObjects: 0.024500 ms)

AssetImportParameters requested are different than current active one (requested -> active):
  custom:graphics/normal-map-encoding: 01000000000000000000000000000000 -> 02000000000000000000000000000000
========================================================================
Received Prepare
Registering precompiled user dll's ...
Registered in 0.001068 seconds.
Begin MonoManager ReloadAssembly
Native extension for WindowsStandalone target not found
Refreshing native plugins compatible for Editor in 0.43 ms, found 0 plugins.
Preloading 0 native plugins for Editor in 0.00 ms.
Mono: successfully reloaded assembly
- Completed reload, in  0.832 seconds
Platform modules already initialized, skipping
Switching build target platform(5) subTarget(0) extendedPlatform(0) -> platform(13) subTarget(537395204) extendedPlatform(0)
Refreshing native plugins compatible for Editor in 0.40 ms, found 0 plugins.
Preloading 0 native plugins for Editor in 0.00 ms.
Unloading 1286 Unused Serialized files (Serialized files now loaded: 0)
System memory in use before: 77.6 MB.
System memory in use after: 77.7 MB.

Unloading 27 unused Assets to reduce memory usage. Loaded Objects now: 1799.
Total: 1.723900 ms (FindLiveObjects: 0.285000 ms CreateObjectMapping: 0.098200 ms MarkObjects: 1.319800 ms  DeleteObjects: 0.019600 ms)

AssetImportParameters requested are different than current active one (requested -> active):
  custom:graphics/normal-map-encoding: 01000000000000000000000000000000 -> 02000000000000000000000000000000
========================================================================
Received Prepare
Registering precompiled user dll's ...
Registered in 0.004673 seconds.
Begin MonoManager ReloadAssembly
Native extension for WindowsStandalone target not found
Refreshing native plugins compatible for Editor in 0.47 ms, found 0 plugins.
Preloading 0 native plugins for Editor in 0.00 ms.
Mono: successfully reloaded assembly
- Completed reload, in  1.102 seconds
Platform modules already initialized, skipping
Switching build target platform(5) subTarget(0) extendedPlatform(0) -> platform(13) subTarget(537395204) extendedPlatform(0)
Refreshing native plugins compatible for Editor in 0.43 ms, found 0 plugins.
Preloading 0 native plugins for Editor in 0.00 ms.
Unloading 1286 Unused Serialized files (Serialized files now loaded: 0)
System memory in use before: 77.6 MB.
System memory in use after: 77.7 MB.

Unloading 27 unused Assets to reduce memory usage. Loaded Objects now: 1802.
Total: 8.378800 ms (FindLiveObjects: 0.685500 ms CreateObjectMapping: 0.066600 ms MarkObjects: 7.431300 ms  DeleteObjects: 0.193400 ms)

AssetImportParameters requested are different than current active one (requested -> active):
  custom:graphics/normal-map-encoding: 01000000000000000000000000000000 -> 02000000000000000000000000000000
========================================================================
Received Prepare
Registering precompiled user dll's ...
Registered in 0.004024 seconds.
Begin MonoManager ReloadAssembly
Native extension for WindowsStandalone target not found
Refreshing native plugins compatible for Editor in 0.46 ms, found 0 plugins.
Preloading 0 native plugins for Editor in 0.00 ms.
Mono: successfully reloaded assembly
- Completed reload, in  1.358 seconds
Platform modules already initialized, skipping
Switching build target platform(5) subTarget(0) extendedPlatform(0) -> platform(13) subTarget(537395204) extendedPlatform(0)
Refreshing native plugins compatible for Editor in 0.41 ms, found 0 plugins.
Preloading 0 native plugins for Editor in 0.00 ms.
Unloading 1286 Unused Serialized files (Serialized files now loaded: 0)
System memory in use before: 77.6 MB.
System memory in use after: 77.7 MB.

Unloading 27 unused Assets to reduce memory usage. Loaded Objects now: 1805.
Total: 8.847500 ms (FindLiveObjects: 0.509400 ms CreateObjectMapping: 0.078800 ms MarkObjects: 7.972100 ms  DeleteObjects: 0.285200 ms)

AssetImportParameters requested are different than current active one (requested -> active):
  custom:graphics/normal-map-encoding: 01000000000000000000000000000000 -> 02000000000000000000000000000000
AssetImportWorkerClient::OnTransportError - code=2 error=End of file
